<?xml version="1.0" encoding="UTF-8"?>
<testsuite xmlns:xsi="http://www.w3.org/2001/XMLSchema-instance" xsi:noNamespaceSchemaLocation="https://maven.apache.org/surefire/maven-surefire-plugin/xsd/surefire-test-report.xsd" name="com.gcp.appengine.sample.SpringBootAppengineApplicationTests" time="3.02" tests="1" errors="0" skipped="0" failures="0">
  <properties>
    <property name="java.specification.version" value="13"/>
    <property name="sun.cpu.isalist" value="amd64"/>
    <property name="sun.jnu.encoding" value="Cp1252"/>
    <property name="java.class.path" value="D:\Madhan\Learnings\spring boot on appengine\spring-boot-appengine\target\test-classes;D:\Madhan\Learnings\spring boot on appengine\spring-boot-appengine\target\classes;D:\Madhan\Maven_Repo\jars\org\springframework\boot\spring-boot-starter-web\2.7.0\spring-boot-starter-web-2.7.0.jar;D:\Madhan\Maven_Repo\jars\org\springframework\boot\spring-boot-starter\2.7.0\spring-boot-starter-2.7.0.jar;D:\Madhan\Maven_Repo\jars\org\springframework\boot\spring-boot\2.7.0\spring-boot-2.7.0.jar;D:\Madhan\Maven_Repo\jars\org\springframework\boot\spring-boot-autoconfigure\2.7.0\spring-boot-autoconfigure-2.7.0.jar;D:\Madhan\Maven_Repo\jars\org\springframework\boot\spring-boot-starter-logging\2.7.0\spring-boot-starter-logging-2.7.0.jar;D:\Madhan\Maven_Repo\jars\ch\qos\logback\logback-classic\1.2.11\logback-classic-1.2.11.jar;D:\Madhan\Maven_Repo\jars\ch\qos\logback\logback-core\1.2.11\logback-core-1.2.11.jar;D:\Madhan\Maven_Repo\jars\org\apache\logging\log4j\log4j-to-slf4j\2.17.2\log4j-to-slf4j-2.17.2.jar;D:\Madhan\Maven_Repo\jars\org\apache\logging\log4j\log4j-api\2.17.2\log4j-api-2.17.2.jar;D:\Madhan\Maven_Repo\jars\org\slf4j\jul-to-slf4j\1.7.36\jul-to-slf4j-1.7.36.jar;D:\Madhan\Maven_Repo\jars\jakarta\annotation\jakarta.annotation-api\1.3.5\jakarta.annotation-api-1.3.5.jar;D:\Madhan\Maven_Repo\jars\org\yaml\snakeyaml\1.30\snakeyaml-1.30.jar;D:\Madhan\Maven_Repo\jars\org\springframework\boot\spring-boot-starter-json\2.7.0\spring-boot-starter-json-2.7.0.jar;D:\Madhan\Maven_Repo\jars\com\fasterxml\jackson\core\jackson-databind\2.13.3\jackson-databind-2.13.3.jar;D:\Madhan\Maven_Repo\jars\com\fasterxml\jackson\core\jackson-annotations\2.13.3\jackson-annotations-2.13.3.jar;D:\Madhan\Maven_Repo\jars\com\fasterxml\jackson\core\jackson-core\2.13.3\jackson-core-2.13.3.jar;D:\Madhan\Maven_Repo\jars\com\fasterxml\jackson\datatype\jackson-datatype-jdk8\2.13.3\jackson-datatype-jdk8-2.13.3.jar;D:\Madhan\Maven_Repo\jars\com\fasterxml\jackson\datatype\jackson-datatype-jsr310\2.13.3\jackson-datatype-jsr310-2.13.3.jar;D:\Madhan\Maven_Repo\jars\com\fasterxml\jackson\module\jackson-module-parameter-names\2.13.3\jackson-module-parameter-names-2.13.3.jar;D:\Madhan\Maven_Repo\jars\org\springframework\boot\spring-boot-starter-tomcat\2.7.0\spring-boot-starter-tomcat-2.7.0.jar;D:\Madhan\Maven_Repo\jars\org\apache\tomcat\embed\tomcat-embed-core\9.0.63\tomcat-embed-core-9.0.63.jar;D:\Madhan\Maven_Repo\jars\org\apache\tomcat\embed\tomcat-embed-el\9.0.63\tomcat-embed-el-9.0.63.jar;D:\Madhan\Maven_Repo\jars\org\apache\tomcat\embed\tomcat-embed-websocket\9.0.63\tomcat-embed-websocket-9.0.63.jar;D:\Madhan\Maven_Repo\jars\org\springframework\spring-web\5.3.20\spring-web-5.3.20.jar;D:\Madhan\Maven_Repo\jars\org\springframework\spring-beans\5.3.20\spring-beans-5.3.20.jar;D:\Madhan\Maven_Repo\jars\org\springframework\spring-webmvc\5.3.20\spring-webmvc-5.3.20.jar;D:\Madhan\Maven_Repo\jars\org\springframework\spring-aop\5.3.20\spring-aop-5.3.20.jar;D:\Madhan\Maven_Repo\jars\org\springframework\spring-context\5.3.20\spring-context-5.3.20.jar;D:\Madhan\Maven_Repo\jars\org\springframework\spring-expression\5.3.20\spring-expression-5.3.20.jar;D:\Madhan\Maven_Repo\jars\org\springframework\boot\spring-boot-starter-test\2.7.0\spring-boot-starter-test-2.7.0.jar;D:\Madhan\Maven_Repo\jars\org\springframework\boot\spring-boot-test\2.7.0\spring-boot-test-2.7.0.jar;D:\Madhan\Maven_Repo\jars\org\springframework\boot\spring-boot-test-autoconfigure\2.7.0\spring-boot-test-autoconfigure-2.7.0.jar;D:\Madhan\Maven_Repo\jars\com\jayway\jsonpath\json-path\2.7.0\json-path-2.7.0.jar;D:\Madhan\Maven_Repo\jars\net\minidev\json-smart\2.4.8\json-smart-2.4.8.jar;D:\Madhan\Maven_Repo\jars\net\minidev\accessors-smart\2.4.8\accessors-smart-2.4.8.jar;D:\Madhan\Maven_Repo\jars\org\ow2\asm\asm\9.1\asm-9.1.jar;D:\Madhan\Maven_Repo\jars\org\slf4j\slf4j-api\1.7.36\slf4j-api-1.7.36.jar;D:\Madhan\Maven_Repo\jars\jakarta\xml\bind\jakarta.xml.bind-api\2.3.3\jakarta.xml.bind-api-2.3.3.jar;D:\Madhan\Maven_Repo\jars\jakarta\activation\jakarta.activation-api\1.2.2\jakarta.activation-api-1.2.2.jar;D:\Madhan\Maven_Repo\jars\org\assertj\assertj-core\3.22.0\assertj-core-3.22.0.jar;D:\Madhan\Maven_Repo\jars\org\hamcrest\hamcrest\2.2\hamcrest-2.2.jar;D:\Madhan\Maven_Repo\jars\org\junit\jupiter\junit-jupiter\5.8.2\junit-jupiter-5.8.2.jar;D:\Madhan\Maven_Repo\jars\org\junit\jupiter\junit-jupiter-api\5.8.2\junit-jupiter-api-5.8.2.jar;D:\Madhan\Maven_Repo\jars\org\opentest4j\opentest4j\1.2.0\opentest4j-1.2.0.jar;D:\Madhan\Maven_Repo\jars\org\junit\platform\junit-platform-commons\1.8.2\junit-platform-commons-1.8.2.jar;D:\Madhan\Maven_Repo\jars\org\apiguardian\apiguardian-api\1.1.2\apiguardian-api-1.1.2.jar;D:\Madhan\Maven_Repo\jars\org\junit\jupiter\junit-jupiter-params\5.8.2\junit-jupiter-params-5.8.2.jar;D:\Madhan\Maven_Repo\jars\org\junit\jupiter\junit-jupiter-engine\5.8.2\junit-jupiter-engine-5.8.2.jar;D:\Madhan\Maven_Repo\jars\org\junit\platform\junit-platform-engine\1.8.2\junit-platform-engine-1.8.2.jar;D:\Madhan\Maven_Repo\jars\org\mockito\mockito-core\4.5.1\mockito-core-4.5.1.jar;D:\Madhan\Maven_Repo\jars\net\bytebuddy\byte-buddy\1.12.10\byte-buddy-1.12.10.jar;D:\Madhan\Maven_Repo\jars\net\bytebuddy\byte-buddy-agent\1.12.10\byte-buddy-agent-1.12.10.jar;D:\Madhan\Maven_Repo\jars\org\objenesis\objenesis\3.2\objenesis-3.2.jar;D:\Madhan\Maven_Repo\jars\org\mockito\mockito-junit-jupiter\4.5.1\mockito-junit-jupiter-4.5.1.jar;D:\Madhan\Maven_Repo\jars\org\skyscreamer\jsonassert\1.5.0\jsonassert-1.5.0.jar;D:\Madhan\Maven_Repo\jars\com\vaadin\external\google\android-json\0.0.20131108.vaadin1\android-json-0.0.20131108.vaadin1.jar;D:\Madhan\Maven_Repo\jars\org\springframework\spring-core\5.3.20\spring-core-5.3.20.jar;D:\Madhan\Maven_Repo\jars\org\springframework\spring-jcl\5.3.20\spring-jcl-5.3.20.jar;D:\Madhan\Maven_Repo\jars\org\springframework\spring-test\5.3.20\spring-test-5.3.20.jar;D:\Madhan\Maven_Repo\jars\org\xmlunit\xmlunit-core\2.9.0\xmlunit-core-2.9.0.jar;"/>
    <property name="java.vm.vendor" value="Oracle Corporation"/>
    <property name="sun.arch.data.model" value="64"/>
    <property name="user.variant" value=""/>
    <property name="java.vendor.url" value="https://java.oracle.com/"/>
    <property name="user.timezone" value="Asia/Calcutta"/>
    <property name="os.name" value="Windows 10"/>
    <property name="java.vm.specification.version" value="13"/>
    <property name="sun.java.launcher" value="SUN_STANDARD"/>
    <property name="user.country" value="IN"/>
    <property name="sun.boot.library.path" value="C:\Program Files\Java\jdk-13.0.2\bin"/>
    <property name="sun.java.command" value="C:\Users\MADHAN~1.B\AppData\Local\Temp\surefire6576224455726749015\surefirebooter10866054047995300664.jar C:\Users\madhankumar.b\AppData\Local\Temp\surefire6576224455726749015 2022-06-04T16-29-58_618-jvmRun1 surefire14325495724624291339tmp surefire_011259544903266270487tmp"/>
    <property name="jdk.debug" value="release"/>
    <property name="surefire.test.class.path" value="D:\Madhan\Learnings\spring boot on appengine\spring-boot-appengine\target\test-classes;D:\Madhan\Learnings\spring boot on appengine\spring-boot-appengine\target\classes;D:\Madhan\Maven_Repo\jars\org\springframework\boot\spring-boot-starter-web\2.7.0\spring-boot-starter-web-2.7.0.jar;D:\Madhan\Maven_Repo\jars\org\springframework\boot\spring-boot-starter\2.7.0\spring-boot-starter-2.7.0.jar;D:\Madhan\Maven_Repo\jars\org\springframework\boot\spring-boot\2.7.0\spring-boot-2.7.0.jar;D:\Madhan\Maven_Repo\jars\org\springframework\boot\spring-boot-autoconfigure\2.7.0\spring-boot-autoconfigure-2.7.0.jar;D:\Madhan\Maven_Repo\jars\org\springframework\boot\spring-boot-starter-logging\2.7.0\spring-boot-starter-logging-2.7.0.jar;D:\Madhan\Maven_Repo\jars\ch\qos\logback\logback-classic\1.2.11\logback-classic-1.2.11.jar;D:\Madhan\Maven_Repo\jars\ch\qos\logback\logback-core\1.2.11\logback-core-1.2.11.jar;D:\Madhan\Maven_Repo\jars\org\apache\logging\log4j\log4j-to-slf4j\2.17.2\log4j-to-slf4j-2.17.2.jar;D:\Madhan\Maven_Repo\jars\org\apache\logging\log4j\log4j-api\2.17.2\log4j-api-2.17.2.jar;D:\Madhan\Maven_Repo\jars\org\slf4j\jul-to-slf4j\1.7.36\jul-to-slf4j-1.7.36.jar;D:\Madhan\Maven_Repo\jars\jakarta\annotation\jakarta.annotation-api\1.3.5\jakarta.annotation-api-1.3.5.jar;D:\Madhan\Maven_Repo\jars\org\yaml\snakeyaml\1.30\snakeyaml-1.30.jar;D:\Madhan\Maven_Repo\jars\org\springframework\boot\spring-boot-starter-json\2.7.0\spring-boot-starter-json-2.7.0.jar;D:\Madhan\Maven_Repo\jars\com\fasterxml\jackson\core\jackson-databind\2.13.3\jackson-databind-2.13.3.jar;D:\Madhan\Maven_Repo\jars\com\fasterxml\jackson\core\jackson-annotations\2.13.3\jackson-annotations-2.13.3.jar;D:\Madhan\Maven_Repo\jars\com\fasterxml\jackson\core\jackson-core\2.13.3\jackson-core-2.13.3.jar;D:\Madhan\Maven_Repo\jars\com\fasterxml\jackson\datatype\jackson-datatype-jdk8\2.13.3\jackson-datatype-jdk8-2.13.3.jar;D:\Madhan\Maven_Repo\jars\com\fasterxml\jackson\datatype\jackson-datatype-jsr310\2.13.3\jackson-datatype-jsr310-2.13.3.jar;D:\Madhan\Maven_Repo\jars\com\fasterxml\jackson\module\jackson-module-parameter-names\2.13.3\jackson-module-parameter-names-2.13.3.jar;D:\Madhan\Maven_Repo\jars\org\springframework\boot\spring-boot-starter-tomcat\2.7.0\spring-boot-starter-tomcat-2.7.0.jar;D:\Madhan\Maven_Repo\jars\org\apache\tomcat\embed\tomcat-embed-core\9.0.63\tomcat-embed-core-9.0.63.jar;D:\Madhan\Maven_Repo\jars\org\apache\tomcat\embed\tomcat-embed-el\9.0.63\tomcat-embed-el-9.0.63.jar;D:\Madhan\Maven_Repo\jars\org\apache\tomcat\embed\tomcat-embed-websocket\9.0.63\tomcat-embed-websocket-9.0.63.jar;D:\Madhan\Maven_Repo\jars\org\springframework\spring-web\5.3.20\spring-web-5.3.20.jar;D:\Madhan\Maven_Repo\jars\org\springframework\spring-beans\5.3.20\spring-beans-5.3.20.jar;D:\Madhan\Maven_Repo\jars\org\springframework\spring-webmvc\5.3.20\spring-webmvc-5.3.20.jar;D:\Madhan\Maven_Repo\jars\org\springframework\spring-aop\5.3.20\spring-aop-5.3.20.jar;D:\Madhan\Maven_Repo\jars\org\springframework\spring-context\5.3.20\spring-context-5.3.20.jar;D:\Madhan\Maven_Repo\jars\org\springframework\spring-expression\5.3.20\spring-expression-5.3.20.jar;D:\Madhan\Maven_Repo\jars\org\springframework\boot\spring-boot-starter-test\2.7.0\spring-boot-starter-test-2.7.0.jar;D:\Madhan\Maven_Repo\jars\org\springframework\boot\spring-boot-test\2.7.0\spring-boot-test-2.7.0.jar;D:\Madhan\Maven_Repo\jars\org\springframework\boot\spring-boot-test-autoconfigure\2.7.0\spring-boot-test-autoconfigure-2.7.0.jar;D:\Madhan\Maven_Repo\jars\com\jayway\jsonpath\json-path\2.7.0\json-path-2.7.0.jar;D:\Madhan\Maven_Repo\jars\net\minidev\json-smart\2.4.8\json-smart-2.4.8.jar;D:\Madhan\Maven_Repo\jars\net\minidev\accessors-smart\2.4.8\accessors-smart-2.4.8.jar;D:\Madhan\Maven_Repo\jars\org\ow2\asm\asm\9.1\asm-9.1.jar;D:\Madhan\Maven_Repo\jars\org\slf4j\slf4j-api\1.7.36\slf4j-api-1.7.36.jar;D:\Madhan\Maven_Repo\jars\jakarta\xml\bind\jakarta.xml.bind-api\2.3.3\jakarta.xml.bind-api-2.3.3.jar;D:\Madhan\Maven_Repo\jars\jakarta\activation\jakarta.activation-api\1.2.2\jakarta.activation-api-1.2.2.jar;D:\Madhan\Maven_Repo\jars\org\assertj\assertj-core\3.22.0\assertj-core-3.22.0.jar;D:\Madhan\Maven_Repo\jars\org\hamcrest\hamcrest\2.2\hamcrest-2.2.jar;D:\Madhan\Maven_Repo\jars\org\junit\jupiter\junit-jupiter\5.8.2\junit-jupiter-5.8.2.jar;D:\Madhan\Maven_Repo\jars\org\junit\jupiter\junit-jupiter-api\5.8.2\junit-jupiter-api-5.8.2.jar;D:\Madhan\Maven_Repo\jars\org\opentest4j\opentest4j\1.2.0\opentest4j-1.2.0.jar;D:\Madhan\Maven_Repo\jars\org\junit\platform\junit-platform-commons\1.8.2\junit-platform-commons-1.8.2.jar;D:\Madhan\Maven_Repo\jars\org\apiguardian\apiguardian-api\1.1.2\apiguardian-api-1.1.2.jar;D:\Madhan\Maven_Repo\jars\org\junit\jupiter\junit-jupiter-params\5.8.2\junit-jupiter-params-5.8.2.jar;D:\Madhan\Maven_Repo\jars\org\junit\jupiter\junit-jupiter-engine\5.8.2\junit-jupiter-engine-5.8.2.jar;D:\Madhan\Maven_Repo\jars\org\junit\platform\junit-platform-engine\1.8.2\junit-platform-engine-1.8.2.jar;D:\Madhan\Maven_Repo\jars\org\mockito\mockito-core\4.5.1\mockito-core-4.5.1.jar;D:\Madhan\Maven_Repo\jars\net\bytebuddy\byte-buddy\1.12.10\byte-buddy-1.12.10.jar;D:\Madhan\Maven_Repo\jars\net\bytebuddy\byte-buddy-agent\1.12.10\byte-buddy-agent-1.12.10.jar;D:\Madhan\Maven_Repo\jars\org\objenesis\objenesis\3.2\objenesis-3.2.jar;D:\Madhan\Maven_Repo\jars\org\mockito\mockito-junit-jupiter\4.5.1\mockito-junit-jupiter-4.5.1.jar;D:\Madhan\Maven_Repo\jars\org\skyscreamer\jsonassert\1.5.0\jsonassert-1.5.0.jar;D:\Madhan\Maven_Repo\jars\com\vaadin\external\google\android-json\0.0.20131108.vaadin1\android-json-0.0.20131108.vaadin1.jar;D:\Madhan\Maven_Repo\jars\org\springframework\spring-core\5.3.20\spring-core-5.3.20.jar;D:\Madhan\Maven_Repo\jars\org\springframework\spring-jcl\5.3.20\spring-jcl-5.3.20.jar;D:\Madhan\Maven_Repo\jars\org\springframework\spring-test\5.3.20\spring-test-5.3.20.jar;D:\Madhan\Maven_Repo\jars\org\xmlunit\xmlunit-core\2.9.0\xmlunit-core-2.9.0.jar;"/>
    <property name="sun.cpu.endian" value="little"/>
    <property name="user.home" value="C:\Users\madhankumar.b"/>
    <property name="user.language" value="en"/>
    <property name="java.specification.vendor" value="Oracle Corporation"/>
    <property name="java.version.date" value="2020-01-14"/>
    <property name="java.home" value="C:\Program Files\Java\jdk-13.0.2"/>
    <property name="file.separator" value="\"/>
    <property name="basedir" value="D:\Madhan\Learnings\spring boot on appengine\spring-boot-appengine"/>
    <property name="java.vm.compressedOopsMode" value="Zero based"/>
    <property name="line.separator" value="&#10;"/>
    <property name="java.vm.specification.vendor" value="Oracle Corporation"/>
    <property name="java.specification.name" value="Java Platform API Specification"/>
    <property name="surefire.real.class.path" value="C:\Users\MADHAN~1.B\AppData\Local\Temp\surefire6576224455726749015\surefirebooter10866054047995300664.jar"/>
    <property name="user.script" value=""/>
    <property name="sun.management.compiler" value="HotSpot 64-Bit Tiered Compilers"/>
    <property name="java.runtime.version" value="13.0.2+8"/>
    <property name="user.name" value="madhankumar.b"/>
    <property name="path.separator" value=";"/>
    <property name="os.version" value="10.0"/>
    <property name="java.runtime.name" value="Java(TM) SE Runtime Environment"/>
    <property name="file.encoding" value="Cp1252"/>
    <property name="java.vm.name" value="Java HotSpot(TM) 64-Bit Server VM"/>
    <property name="localRepository" value="D:\Madhan\Maven_Repo\jars"/>
    <property name="java.vendor.url.bug" value="https://bugreport.java.com/bugreport/"/>
    <property name="java.io.tmpdir" value="C:\Users\MADHAN~1.B\AppData\Local\Temp\"/>
    <property name="java.version" value="13.0.2"/>
    <property name="user.dir" value="D:\Madhan\Learnings\spring boot on appengine\spring-boot-appengine"/>
    <property name="os.arch" value="amd64"/>
    <property name="java.vm.specification.name" value="Java Virtual Machine Specification"/>
    <property name="sun.os.patch.level" value=""/>
    <property name="java.library.path" value="C:\Program Files\Java\jdk-13.0.2\bin;C:\WINDOWS\Sun\Java\bin;C:\WINDOWS\system32;C:\WINDOWS;C:\Program Files (x86)\Intel\iCLS Client\;C:\Program Files\Intel\iCLS Client\;C:\windows\system32;C:\windows;C:\windows\System32\Wbem;C:\windows\System32\WindowsPowerShell\v1.0\;C:\Program Files (x86)\NVIDIA Corporation\PhysX\Common;C:\Program Files\Java\jdk1.8.0_25\bin1;C:\Program Files (x86)\Intel\Intel(R) Management Engine Components\DAL;C:\Program Files\Intel\Intel(R) Management Engine Components\DAL;C:\Program Files (x86)\Intel\Intel(R) Management Engine Components\IPT;C:\Program Files\Intel\Intel(R) Management Engine Components\IPT;C:\WINDOWS\system32;C:\WINDOWS;C:\WINDOWS\System32\Wbem;C:\WINDOWS\System32\WindowsPowerShell\v1.0\;C:\WINDOWS\System32\OpenSSH\;C:\Program Files\Intel\WiFi\bin\;C:\Program Files\Common Files\Intel\WirelessCommon\;C:\Program Files\NVIDIA Corporation\NVIDIA NvDLISR;C:\Program Files\nodejs\;C:\Program Files\PuTTY\;D:\Installation\AWS CLI\;D:\Installation\Minikube;C:\WINDOWS\system32;C:\WINDOWS;C:\WINDOWS\System32\Wbem;C:\WINDOWS\System32\WindowsPowerShell\v1.0\;C:\WINDOWS\System32\OpenSSH\;D:\Installation\GIT\Git\cmd;C:\Android;C:\Windows\System32;C:\Users\madhankumar.b\scoop\shims;C:\Users\madhankumar.b\AppData\Local\Microsoft\WindowsApps;D:\Madhan\Softwares\apache-maven-3.8.5\bin;C:\Users\madhankumar.b\AppData\Local\GitHubDesktop\bin;C:\Users\madhankumar.b\AppData\Local\Microsoft\WindowsApps;C:\Users\madhankumar.b\AppData\Local\Programs\Microsoft VS Code\bin;C:\Users\madhankumar.b\AppData\Roaming\npm;C:\Program Files\Java\jdk-13.0.2\bin;D:\Installation\Gradle\gradle-7.4.2\bin;;."/>
    <property name="java.vm.info" value="mixed mode, sharing"/>
    <property name="java.vendor" value="Oracle Corporation"/>
    <property name="java.vm.version" value="13.0.2+8"/>
    <property name="sun.io.unicode.encoding" value="UnicodeLittle"/>
    <property name="java.class.version" value="57.0"/>
  </properties>
  <testcase name="contextLoads" classname="com.gcp.appengine.sample.SpringBootAppengineApplicationTests" time="0.447"/>
</testsuite>